<?xml version="1.0" encoding="UTF-8"?>
<!-- Generated by org.testng.reporters.JUnitReportReporter -->
<testsuite hostname="DESKTOP-682IL5E" failures="0" tests="1" name="com.HealthGrpah.testCases.TC_OperationTest" time="4.331" errors="0" timestamp="2022-10-17T10:11:10 IST" skipped="0">
  <testcase classname="com.HealthGrpah.testCases.TC_OperationTest" name="loginTest" time="4.331"/>
  <system-out/>
</testsuite> <!-- com.HealthGrpah.testCases.TC_OperationTest -->
